[ 2017-09-25T16:36:34+08:00 ] ::1 /dear/home/login/login
INFO: [ app_begin ] --START--
INFO: Run Behavior\ReadHtmlCache [ RunTime:0.001000s ]
INFO: [ app_begin ] --END-- [ RunTime:0.002000s ]
SQL: DESCRIBE dear_user [ RunTime:0.029000s ]
SQL: SELECT * FROM `dear_user` WHERE ( `username` = 'jugg' ) AND ( `password` = '123123' ) LIMIT 1   [ RunTime:0.003000s ]
NOTIC: [8] Undefined variable: province D:\phpstudy\WWW\dear\Dear\Home\Controller\LoginController.class.php 第 38 行.
SQL: UPDATE `dear_user` SET `date`='2017-09-25 16:36:33' WHERE ( `id` = 1 ) [ RunTime:0.004000s ]

[ 2017-09-25T16:36:35+08:00 ] ::1 /dear/home/login/login
INFO: [ app_begin ] --START--
INFO: Run Behavior\ReadHtmlCache [ RunTime:0.000000s ]
INFO: [ app_begin ] --END-- [ RunTime:0.000000s ]

[ 2017-09-25T16:40:29+08:00 ] ::1 /dear/home/login/login
INFO: [ app_begin ] --START--
INFO: Run Behavior\ReadHtmlCache [ RunTime:0.001000s ]
INFO: [ app_begin ] --END-- [ RunTime:0.001000s ]

[ 2017-09-25T16:40:40+08:00 ] ::1 /dear/home/login/login
INFO: [ app_begin ] --START--
INFO: Run Behavior\ReadHtmlCache [ RunTime:0.001000s ]
INFO: [ app_begin ] --END-- [ RunTime:0.002000s ]
SQL: DESCRIBE dear_user [ RunTime:0.004000s ]
SQL: SELECT * FROM `dear_user` WHERE ( `username` = 'jugg' ) AND ( `password` = '123123' ) LIMIT 1   [ RunTime:0.001000s ]
NOTIC: [8] Undefined variable: province D:\phpstudy\WWW\dear\Dear\Home\Controller\LoginController.class.php 第 38 行.
SQL: UPDATE `dear_user` SET `date`='2017-09-25 16:40:39' WHERE ( `id` = 1 ) [ RunTime:0.000000s ]

[ 2017-09-25T16:40:40+08:00 ] ::1 /dear/home/login/login
INFO: [ app_begin ] --START--
INFO: Run Behavior\ReadHtmlCache [ RunTime:0.000000s ]
INFO: [ app_begin ] --END-- [ RunTime:0.000000s ]

[ 2017-09-25T16:44:07+08:00 ] ::1 /dear/home/logout
INFO: [ app_begin ] --START--
INFO: Run Behavior\ReadHtmlCache [ RunTime:0.001000s ]
INFO: [ app_begin ] --END-- [ RunTime:0.001000s ]

[ 2017-09-25T16:44:23+08:00 ] ::1 /dear/home/login/login
INFO: [ app_begin ] --START--
INFO: Run Behavior\ReadHtmlCache [ RunTime:0.001000s ]
INFO: [ app_begin ] --END-- [ RunTime:0.002000s ]

[ 2017-09-25T16:44:38+08:00 ] ::1 /dear/home/login/login
INFO: [ app_begin ] --START--
INFO: Run Behavior\ReadHtmlCache [ RunTime:0.001000s ]
INFO: [ app_begin ] --END-- [ RunTime:0.001000s ]
SQL: DESCRIBE dear_user [ RunTime:0.005000s ]
SQL: SELECT * FROM `dear_user` WHERE ( `username` = 'jugg' ) AND ( `password` = '123123' ) LIMIT 1   [ RunTime:0.001000s ]
NOTIC: [8] Undefined variable: province D:\phpstudy\WWW\dear\Dear\Home\Controller\LoginController.class.php 第 38 行.
SQL: UPDATE `dear_user` SET `date`='2017-09-25 16:44:38' WHERE ( `id` = 1 ) [ RunTime:0.001000s ]

[ 2017-09-25T16:45:11+08:00 ] ::1 /dear/home/logout
INFO: [ app_begin ] --START--
INFO: Run Behavior\ReadHtmlCache [ RunTime:0.001000s ]
INFO: [ app_begin ] --END-- [ RunTime:0.002000s ]

