[ 2017-08-31T16:43:11+08:00 ] ::1 /dear/admin/Add2/add
INFO: [ app_begin ] --START--
INFO: Run Behavior\ReadHtmlCache [ RunTime:0.000000s ]
INFO: [ app_begin ] --END-- [ RunTime:0.001000s ]
SQL: DESCRIBE dear_encounter [ RunTime:0.014000s ]
SQL: INSERT INTO `dear_encounter` (`title`,`varieties`,`tel`,`region`,`content`,`state`,`uid`,`time`) VALUES ('qqqq','qqq','qqq','北京市北京市市辖区','<p>qqqq</p>',0,'1','2017-08-31 16:43:11') [ RunTime:0.000000s ]
ERR: 1054:Unknown column 'state' in 'field list'
 [ SQL语句 ] : INSERT INTO `dear_encounter` (`title`,`varieties`,`tel`,`region`,`content`,`state`,`uid`,`time`) VALUES ('qqqq','qqq','qqq','北京市北京市市辖区','<p>qqqq</p>',0,'1','2017-08-31 16:43:11')

[ 2017-08-31T16:43:35+08:00 ] ::1 /dear/admin/Add2/add
INFO: [ app_begin ] --START--
INFO: Run Behavior\ReadHtmlCache [ RunTime:0.000000s ]
INFO: [ app_begin ] --END-- [ RunTime:0.001000s ]
SQL: DESCRIBE dear_encounter [ RunTime:0.015000s ]
SQL: INSERT INTO `dear_encounter` (`title`,`varieties`,`tel`,`region`,`content`,`state`,`uid`,`time`) VALUES ('1123123','12312','12312','内蒙古自治区通辽市','<p>123123</p>',0,'1','2017-08-31 16:43:35') [ RunTime:0.000000s ]
ERR: 1054:Unknown column 'state' in 'field list'
 [ SQL语句 ] : INSERT INTO `dear_encounter` (`title`,`varieties`,`tel`,`region`,`content`,`state`,`uid`,`time`) VALUES ('1123123','12312','12312','内蒙古自治区通辽市','<p>123123</p>',0,'1','2017-08-31 16:43:35')

[ 2017-08-31T16:49:45+08:00 ] ::1 /dear/admin/Add2/add
INFO: [ app_begin ] --START--
INFO: Run Behavior\ReadHtmlCache [ RunTime:0.001000s ]
INFO: [ app_begin ] --END-- [ RunTime:0.002000s ]
ERR: 非法操作:add

[ 2017-08-31T16:50:03+08:00 ] ::1 /dear/admin/Add2/add22
INFO: [ app_begin ] --START--
INFO: Run Behavior\ReadHtmlCache [ RunTime:0.000000s ]
INFO: [ app_begin ] --END-- [ RunTime:0.001000s ]
SQL: DESCRIBE dear_encounter [ RunTime:0.016000s ]
SQL: INSERT INTO `dear_encounter` (`title`,`varieties`,`tel`,`region`,`content`,`state`,`uid`,`time`) VALUES ('12121','1212','1212','北京市北京市市辖区','<p>1212<br/></p>',0,'1','2017-08-31 16:50:03') [ RunTime:0.000000s ]
ERR: 1054:Unknown column 'state' in 'field list'
 [ SQL语句 ] : INSERT INTO `dear_encounter` (`title`,`varieties`,`tel`,`region`,`content`,`state`,`uid`,`time`) VALUES ('12121','1212','1212','北京市北京市市辖区','<p>1212<br/></p>',0,'1','2017-08-31 16:50:03')

[ 2017-08-31T16:51:13+08:00 ] ::1 /dear/admin/Add2/add22
INFO: [ app_begin ] --START--
INFO: Run Behavior\ReadHtmlCache [ RunTime:0.001000s ]
INFO: [ app_begin ] --END-- [ RunTime:0.001000s ]
SQL: DESCRIBE dear_encounter [ RunTime:0.016000s ]
SQL: INSERT INTO `dear_encounter` (`title`,`varieties`,`tel`,`region`,`content`,`state`,`uid`,`time`) VALUES ('1212','121','121','北京市北京市市辖区','<p>1212</p>',0,'1','2017-08-31 16:51:13') [ RunTime:0.000000s ]
ERR: 1054:Unknown column 'state' in 'field list'
 [ SQL语句 ] : INSERT INTO `dear_encounter` (`title`,`varieties`,`tel`,`region`,`content`,`state`,`uid`,`time`) VALUES ('1212','121','121','北京市北京市市辖区','<p>1212</p>',0,'1','2017-08-31 16:51:13')

[ 2017-08-31T16:56:53+08:00 ] ::1 /dear/admin/Add2/add22
INFO: [ app_begin ] --START--
INFO: Run Behavior\ReadHtmlCache [ RunTime:0.001000s ]
INFO: [ app_begin ] --END-- [ RunTime:0.002000s ]
SQL: DESCRIBE dear_encounter [ RunTime:0.018000s ]
SQL: INSERT INTO `dear_encounter` (`title`,`varieties`,`tel`,`region`,`content`,`state`,`uid`,`time`) VALUES ('1212','121','121','北京市北京市市辖区','<p>1212</p>',0,'1','2017-08-31 16:56:53') [ RunTime:0.000000s ]

[ 2017-08-31T16:57:14+08:00 ] ::1 /dear/admin/Add1/add
INFO: [ app_begin ] --START--
INFO: Run Behavior\ReadHtmlCache [ RunTime:0.001000s ]
INFO: [ app_begin ] --END-- [ RunTime:0.001000s ]
SQL: DESCRIBE dear_find [ RunTime:0.007000s ]
SQL: INSERT INTO `dear_find` (`title`,`varieties`,`tel`,`region`,`content`,`state`,`uid`,`time`) VALUES ('','','','北京市北京市市辖区','',0,'1','2017-08-31 16:57:14') [ RunTime:0.000000s ]

[ 2017-08-31T17:01:41+08:00 ] ::1 /dear/admin/Add3/add
INFO: [ app_begin ] --START--
INFO: Run Behavior\ReadHtmlCache [ RunTime:0.001000s ]
INFO: [ app_begin ] --END-- [ RunTime:0.002000s ]
SQL: DESCRIBE dear_adopt [ RunTime:0.016000s ]
SQL: INSERT INTO `dear_adopt` (`title`,`varieties`,`tel`,`region`,`content`,`state`,`uid`,`time`) VALUES ('','','','北京市北京市市辖区','<p>qweqweqweqw</p>',0,'1','2017-08-31 17:01:41') [ RunTime:0.001000s ]

[ 2017-08-31T17:03:38+08:00 ] ::1 /dear/admin/Add3/add
INFO: [ app_begin ] --START--
INFO: Run Behavior\ReadHtmlCache [ RunTime:0.000000s ]
INFO: [ app_begin ] --END-- [ RunTime:0.001000s ]
SQL: DESCRIBE dear_adopt [ RunTime:0.019000s ]
SQL: INSERT INTO `dear_adopt` (`title`,`varieties`,`tel`,`region`,`content`,`state`,`uid`,`time`) VALUES ('','','','北京市北京市市辖区','<p>qweqwe</p>',0,'1','2017-08-31 17:03:38') [ RunTime:0.000000s ]

[ 2017-08-31T17:04:25+08:00 ] ::1 /dear/admin/Add3/add
INFO: [ app_begin ] --START--
INFO: Run Behavior\ReadHtmlCache [ RunTime:0.001000s ]
INFO: [ app_begin ] --END-- [ RunTime:0.002000s ]
SQL: DESCRIBE dear_adopt [ RunTime:0.013000s ]
SQL: INSERT INTO `dear_adopt` (`title`,`varieties`,`tel`,`region`,`content`,`state`,`uid`,`time`) VALUES ('qwwe','qweqwe','qwewqe','北京市北京市市辖区','<p>qweqwe</p>',0,'1','2017-08-31 17:04:25') [ RunTime:0.000000s ]

[ 2017-08-31T17:06:26+08:00 ] ::1 /dear/admin/Add3/add
INFO: [ app_begin ] --START--
INFO: Run Behavior\ReadHtmlCache [ RunTime:0.001000s ]
INFO: [ app_begin ] --END-- [ RunTime:0.001000s ]
SQL: DESCRIBE dear_adopt [ RunTime:0.016000s ]
SQL: INSERT INTO `dear_adopt` (`title`,`varieties`,`tel`,`region`,`content`,`state`,`uid`,`time`) VALUES ('qwewqe','qwewqe','qweqwe','北京市北京市市辖区','<p>qweqweq</p>',0,'1','2017-08-31 17:06:26') [ RunTime:0.001000s ]

[ 2017-08-31T17:07:17+08:00 ] ::1 /dear/admin/Add3/add
INFO: [ app_begin ] --START--
INFO: Run Behavior\ReadHtmlCache [ RunTime:0.001000s ]
INFO: [ app_begin ] --END-- [ RunTime:0.001000s ]
SQL: DESCRIBE dear_adopt [ RunTime:0.015000s ]
SQL: INSERT INTO `dear_adopt` (`title`,`varieties`,`tel`,`region`,`content`,`state`,`uid`,`time`) VALUES ('qweqwe','wqeqwe','qwewqeqwe','北京市北京市市辖区','<p>qweqwe</p>',0,'1','2017-08-31 17:07:17') [ RunTime:0.001000s ]

[ 2017-08-31T17:09:39+08:00 ] ::1 /dear/admin/Add3/add
INFO: [ app_begin ] --START--
INFO: Run Behavior\ReadHtmlCache [ RunTime:0.000000s ]
INFO: [ app_begin ] --END-- [ RunTime:0.001000s ]
SQL: DESCRIBE dear_adopt [ RunTime:0.008000s ]
INFO: [ app_end ] --START--
INFO: Run Behavior\ShowPageTrace [ RunTime:0.001000s ]
INFO: [ app_end ] --END-- [ RunTime:0.001000s ]

[ 2017-08-31T17:10:18+08:00 ] ::1 /dear/admin/Add3/add
INFO: [ app_begin ] --START--
INFO: Run Behavior\ReadHtmlCache [ RunTime:0.001000s ]
INFO: [ app_begin ] --END-- [ RunTime:0.001000s ]
SQL: DESCRIBE dear_adopt [ RunTime:0.017000s ]
SQL: DESCRIBE dear_encounter [ RunTime:0.010000s ]
SQL: INSERT INTO `dear_adopt` (`title`,`varieties`,`tel`,`region`,`content`,`state`,`uid`,`time`) VALUES ('qwewqe','qweqwe','qwewqe','北京市北京市市辖区','<p>qweqweqw</p>',0,'1','2017-08-31 17:10:18') [ RunTime:0.001000s ]

[ 2017-08-31T17:10:56+08:00 ] ::1 /dear/admin/Add3/add
INFO: [ app_begin ] --START--
INFO: Run Behavior\ReadHtmlCache [ RunTime:0.001000s ]
INFO: [ app_begin ] --END-- [ RunTime:0.001000s ]
SQL: DESCRIBE dear_adopt [ RunTime:0.014000s ]
SQL: INSERT INTO `dear_adopt` (`title`,`varieties`,`tel`,`region`,`content`,`state`,`uid`,`time`) VALUES ('qwewqe','qweqwe','qwewqe','北京市北京市市辖区','<p>qweqweqw</p>',0,'1','2017-08-31 17:10:56') [ RunTime:0.000000s ]

[ 2017-08-31T17:11:16+08:00 ] ::1 /dear/admin/Add3/add
INFO: [ app_begin ] --START--
INFO: Run Behavior\ReadHtmlCache [ RunTime:0.001000s ]
INFO: [ app_begin ] --END-- [ RunTime:0.001000s ]
SQL: DESCRIBE dear_adopt [ RunTime:0.007000s ]
SQL: INSERT INTO `dear_adopt` (`title`,`varieties`,`tel`,`region`,`content`,`state`,`uid`,`time`) VALUES ('','','','北京市北京市市辖区','',0,'1','2017-08-31 17:11:16') [ RunTime:0.001000s ]

[ 2017-08-31T17:11:54+08:00 ] ::1 /dear/admin/Add3/add
INFO: [ app_begin ] --START--
INFO: Run Behavior\ReadHtmlCache [ RunTime:0.000000s ]
INFO: [ app_begin ] --END-- [ RunTime:0.001000s ]
SQL: DESCRIBE dear_adopt [ RunTime:0.016000s ]
SQL: INSERT INTO `dear_adopt` (`title`,`varieties`,`tel`,`region`,`content`,`state`,`uid`,`time`) VALUES ('qweqwe','qweqwe','qweqwe','北京市北京市市辖区','<p>qweqweqweqw</p>',0,'1','2017-08-31 17:11:54') [ RunTime:0.001000s ]

[ 2017-08-31T17:13:49+08:00 ] ::1 /dear/admin/Add2/add22
INFO: [ app_begin ] --START--
INFO: Run Behavior\ReadHtmlCache [ RunTime:0.001000s ]
INFO: [ app_begin ] --END-- [ RunTime:0.001000s ]
SQL: DESCRIBE dear_encounter [ RunTime:0.015000s ]
SQL: INSERT INTO `dear_encounter` (`title`,`varieties`,`tel`,`region`,`content`,`state`,`uid`,`time`) VALUES ('wwqe','qweqwe','qweqwe','北京市北京市市辖区','<p>qweqw</p>',0,'1','2017-08-31 17:13:49') [ RunTime:0.001000s ]

[ 2017-08-31T17:16:38+08:00 ] ::1 /dear/admin/Add1/add
INFO: [ app_begin ] --START--
INFO: Run Behavior\ReadHtmlCache [ RunTime:0.001000s ]
INFO: [ app_begin ] --END-- [ RunTime:0.001000s ]
SQL: DESCRIBE dear_find [ RunTime:0.019000s ]
SQL: INSERT INTO `dear_find` (`title`,`varieties`,`tel`,`region`,`content`,`state`,`uid`,`time`) VALUES ('','','','北京市北京市市辖区','<p>qwewqe</p>',0,'1','2017-08-31 17:16:38') [ RunTime:0.000000s ]

[ 2017-08-31T17:16:48+08:00 ] ::1 /dear/admin/Add1/add
INFO: [ app_begin ] --START--
INFO: Run Behavior\ReadHtmlCache [ RunTime:0.000000s ]
INFO: [ app_begin ] --END-- [ RunTime:0.001000s ]
SQL: DESCRIBE dear_find [ RunTime:0.015000s ]
SQL: INSERT INTO `dear_find` (`title`,`varieties`,`tel`,`region`,`content`,`state`,`uid`,`time`) VALUES ('','','','北京市北京市市辖区','',0,'1','2017-08-31 17:16:48') [ RunTime:0.001000s ]

[ 2017-08-31T17:18:25+08:00 ] ::1 /dear/admin/Add1/add
INFO: [ app_begin ] --START--
INFO: Run Behavior\ReadHtmlCache [ RunTime:0.001000s ]
INFO: [ app_begin ] --END-- [ RunTime:0.001000s ]
SQL: DESCRIBE dear_find [ RunTime:0.019000s ]
SQL: INSERT INTO `dear_find` (`title`,`varieties`,`tel`,`region`,`content`,`state`,`uid`,`time`) VALUES ('qwe','qwe','qew','北京市北京市市辖区','<p>qwe</p>',0,'1','2017-08-31 17:18:25') [ RunTime:0.001000s ]

[ 2017-08-31T17:20:00+08:00 ] ::1 /dear/admin/Add1/add
INFO: [ app_begin ] --START--
INFO: Run Behavior\ReadHtmlCache [ RunTime:0.000000s ]
INFO: [ app_begin ] --END-- [ RunTime:0.001000s ]
SQL: DESCRIBE dear_find [ RunTime:0.019000s ]
SQL: INSERT INTO `dear_find` (`title`,`varieties`,`tel`,`region`,`content`,`state`,`uid`,`time`) VALUES ('qweqwe','qweqwe','qweqwe','北京市北京市市辖区','<p>qweqweq</p>',0,'1','2017-08-31 17:20:00') [ RunTime:0.000000s ]

[ 2017-08-31T17:21:07+08:00 ] ::1 /dear/admin/Add4/add
INFO: [ app_begin ] --START--
INFO: Run Behavior\ReadHtmlCache [ RunTime:0.001000s ]
INFO: [ app_begin ] --END-- [ RunTime:0.002000s ]
SQL: DESCRIBE dear_experience [ RunTime:0.019000s ]
SQL: INSERT INTO `dear_experience` (`title`,`varieties`,`tel`,`region`,`content`,`state`,`uid`,`time`) VALUES ('','','','北京市北京市市辖区','',0,'1','2017-08-31 17:21:07') [ RunTime:0.000000s ]

