[ 2017-10-16T10:18:20+08:00 ] ::1 /dear/home/login/login
INFO: [ app_begin ] --START--
INFO: Run Behavior\ReadHtmlCache [ RunTime:0.000000s ]
INFO: [ app_begin ] --END-- [ RunTime:0.000000s ]

[ 2017-10-16T10:18:36+08:00 ] ::1 /dear/home/login/login
INFO: [ app_begin ] --START--
INFO: Run Behavior\ReadHtmlCache [ RunTime:0.001000s ]
INFO: [ app_begin ] --END-- [ RunTime:0.001000s ]
SQL: DESCRIBE dear_user [ RunTime:0.000000s ]
SQL: SELECT * FROM `dear_user` WHERE ( `username` = 'jugg' ) AND ( `password` = '123123' ) LIMIT 1   [ RunTime:0.000000s ]
NOTIC: [8] Undefined variable: province D:\phpstudy\WWW\dear\Dear\Home\Controller\LoginController.class.php 第 38 行.
SQL: UPDATE `dear_user` SET `date`='2017-10-16 10:18:35' WHERE ( `id` = 1 ) [ RunTime:0.000000s ]

[ 2017-10-16T11:12:08+08:00 ] ::1 /dear/home/logout
INFO: [ app_begin ] --START--
INFO: Run Behavior\ReadHtmlCache [ RunTime:0.001000s ]
INFO: [ app_begin ] --END-- [ RunTime:0.001000s ]

[ 2017-10-16T11:12:31+08:00 ] ::1 /dear/home/login/login
INFO: [ app_begin ] --START--
INFO: Run Behavior\ReadHtmlCache [ RunTime:0.001000s ]
INFO: [ app_begin ] --END-- [ RunTime:0.001000s ]
SQL: DESCRIBE dear_user [ RunTime:0.000000s ]
SQL: SELECT * FROM `dear_user` WHERE ( `username` = 'jugg' ) AND ( `password` = '123123' ) LIMIT 1   [ RunTime:0.000000s ]
NOTIC: [8] Undefined variable: province D:\phpstudy\WWW\dear\Dear\Home\Controller\LoginController.class.php 第 38 行.
SQL: UPDATE `dear_user` SET `date`='2017-10-16 11:12:31' WHERE ( `id` = 1 ) [ RunTime:0.000000s ]

[ 2017-10-16T11:32:30+08:00 ] ::1 /dear/home/login/login
INFO: [ app_begin ] --START--
INFO: Run Behavior\ReadHtmlCache [ RunTime:0.000000s ]
INFO: [ app_begin ] --END-- [ RunTime:0.000000s ]

[ 2017-10-16T11:32:40+08:00 ] ::1 /dear/home/login/login
INFO: [ app_begin ] --START--
INFO: Run Behavior\ReadHtmlCache [ RunTime:0.000000s ]
INFO: [ app_begin ] --END-- [ RunTime:0.000000s ]
SQL: DESCRIBE dear_user [ RunTime:0.003000s ]
SQL: SELECT * FROM `dear_user` WHERE ( `username` = 'jugg' ) AND ( `password` = '123123' ) LIMIT 1   [ RunTime:0.001000s ]
NOTIC: [8] Undefined variable: province D:\phpstudy\WWW\dear\Dear\Home\Controller\LoginController.class.php 第 38 行.
SQL: UPDATE `dear_user` SET `date`='2017-10-16 11:32:40' WHERE ( `id` = 1 ) [ RunTime:0.000000s ]

[ 2017-10-16T11:32:40+08:00 ] ::1 /dear/home/login/login
INFO: [ app_begin ] --START--
INFO: Run Behavior\ReadHtmlCache [ RunTime:0.001000s ]
INFO: [ app_begin ] --END-- [ RunTime:0.002000s ]

